<?xml version="1.0" encoding="UTF-8"?>
<testsuite name="com.olive.commerce.common.audit.LogbackAuditLoggerIT" tests="1" skipped="0" failures="0" errors="0" timestamp="2026-05-10T10:32:21" hostname="chaeseong-gug-ui-MacBookPro.local" time="0.487">
  <properties/>
  <testcase name="writes_singleLineJson_to_dailyFile_withTraceIdFromMdc()" classname="com.olive.commerce.common.audit.LogbackAuditLoggerIT" time="0.487"/>
  <system-out><![CDATA[19:32:19.199 [Test worker] INFO org.springframework.test.context.support.AnnotationConfigContextLoaderUtils -- Could not detect default configuration classes for test class [com.olive.commerce.common.audit.LogbackAuditLoggerIT]: LogbackAuditLoggerIT does not declare any static, non-private, non-final, nested classes annotated with @Configuration.
19:32:19.273 [Test worker] INFO org.springframework.boot.test.context.SpringBootTestContextBootstrapper -- Found @SpringBootConfiguration com.olive.commerce.CommerceBackendApplication for test class com.olive.commerce.common.audit.LogbackAuditLoggerIT

  .   ____          _            __ _ _
 /\\ / ___'_ __ _ _(_)_ __  __ _ \ \ \ \
( ( )\___ | '_ | '_| | '_ \/ _` | \ \ \ \
 \\/  ___)| |_)| | | | | || (_| |  ) ) ) )
  '  |____| .__|_| |_|_| |_\__, | / / / /
 =========|_|==============|___/=/_/_/_/

 :: Spring Boot ::                (v3.3.5)

2026-05-10 19:32:19.673 INFO  [traceId=] o.h.validator.internal.util.Version - HV000001: Hibernate Validator 8.0.1.Final
2026-05-10 19:32:19.695 INFO  [traceId=] c.o.c.c.audit.LogbackAuditLoggerIT - Starting LogbackAuditLoggerIT using Java 21.0.11 with PID 59068 (started by danny in /Users/danny/symphony_workspaces/OLV-004)
2026-05-10 19:32:19.696 INFO  [traceId=] c.o.c.c.audit.LogbackAuditLoggerIT - No active profile set, falling back to 1 default profile: "default"
2026-05-10 19:32:20.722 INFO  [traceId=] o.s.b.a.e.web.EndpointLinksResolver - Exposing 2 endpoints beneath base path '/actuator'
2026-05-10 19:32:21.087 INFO  [traceId=] c.o.c.c.audit.LogbackAuditLoggerIT - Started LogbackAuditLoggerIT in 1.713 seconds (process running for 2.44)
]]></system-out>
  <system-err><![CDATA[WARNING: A Java agent has been loaded dynamically (/Users/danny/.gradle/caches/modules-2/files-2.1/net.bytebuddy/byte-buddy-agent/1.14.19/154da3a65b4f4a909d3e5bdec55d1b2b4cbb6ce1/byte-buddy-agent-1.14.19.jar)
WARNING: If a serviceability tool is in use, please run with -XX:+EnableDynamicAgentLoading to hide this warning
WARNING: If a serviceability tool is not in use, please run with -Djdk.instrument.traceUsage for more information
WARNING: Dynamic loading of agents will be disallowed by default in a future release
]]></system-err>
</testsuite>
