<?xml version="1.0" encoding="UTF-8"?>
<testsuite name="com.olive.commerce.common.security.SecurityFilterChainIT" tests="9" skipped="0" failures="0" errors="0" timestamp="2026-05-10T11:07:35" hostname="chaeseong-gug-ui-MacBookPro.local" time="0.133">
  <properties/>
  <testcase name="actuatorHealth_isPublic_returns200()" classname="com.olive.commerce.common.security.SecurityFilterChainIT" time="0.026"/>
  <testcase name="apiCart_withTamperedToken_returns401()" classname="com.olive.commerce.common.security.SecurityFilterChainIT" time="0.018"/>
  <testcase name="apiAdminProducts_withCsManagerToken_passesUrlButFailsMethodSecurity_returns403()" classname="com.olive.commerce.common.security.SecurityFilterChainIT" time="0.035"/>
  <testcase name="apiCart_withoutToken_returns401_andErrorEnvelope()" classname="com.olive.commerce.common.security.SecurityFilterChainIT" time="0.012"/>
  <testcase name="apiAdminProducts_withUserToken_returns403_andErrorEnvelope()" classname="com.olive.commerce.common.security.SecurityFilterChainIT" time="0.007"/>
  <testcase name="apiAdminProducts_withSuperAdminToken_passesHierarchy_returns201()" classname="com.olive.commerce.common.security.SecurityFilterChainIT" time="0.012"/>
  <testcase name="apiCart_withUserToken_returns200()" classname="com.olive.commerce.common.security.SecurityFilterChainIT" time="0.008"/>
  <testcase name="apiAuth_login_isPublic_returns200()" classname="com.olive.commerce.common.security.SecurityFilterChainIT" time="0.004"/>
  <testcase name="apiAdminProducts_withProductAdminToken_returns201()" classname="com.olive.commerce.common.security.SecurityFilterChainIT" time="0.006"/>
  <system-out><![CDATA[2026-05-10 20:07:34.469 INFO  [traceId=] o.s.t.c.s.AnnotationConfigContextLoaderUtils - Could not detect default configuration classes for test class [com.olive.commerce.common.security.SecurityFilterChainIT]: SecurityFilterChainIT does not declare any static, non-private, non-final, nested classes annotated with @Configuration.
2026-05-10 20:07:34.479 INFO  [traceId=] o.s.b.t.c.SpringBootTestContextBootstrapper - Found @SpringBootConfiguration com.olive.commerce.CommerceBackendApplication for test class com.olive.commerce.common.security.SecurityFilterChainIT

  .   ____          _            __ _ _
 /\\ / ___'_ __ _ _(_)_ __  __ _ \ \ \ \
( ( )\___ | '_ | '_| | '_ \/ _` | \ \ \ \
 \\/  ___)| |_)| | | | | || (_| |  ) ) ) )
  '  |____| .__|_| |_|_| |_\__, | / / / /
 =========|_|==============|___/=/_/_/_/

 :: Spring Boot ::                (v3.3.5)

2026-05-10 20:07:34.500 INFO  [traceId=] c.o.c.c.s.SecurityFilterChainIT - Starting SecurityFilterChainIT using Java 21.0.11 with PID 9051 (started by danny in /Users/danny/symphony_workspaces/OLV-005)
2026-05-10 20:07:34.500 INFO  [traceId=] c.o.c.c.s.SecurityFilterChainIT - No active profile set, falling back to 1 default profile: "default"
2026-05-10 20:07:35.272 INFO  [traceId=] o.s.b.a.e.web.EndpointLinksResolver - Exposing 2 endpoints beneath base path '/actuator'
2026-05-10 20:07:35.615 INFO  [traceId=] o.s.b.t.m.w.SpringBootMockServletContext - Initializing Spring TestDispatcherServlet ''
2026-05-10 20:07:35.615 INFO  [traceId=] o.s.t.w.s.TestDispatcherServlet - Initializing Servlet ''
2026-05-10 20:07:35.616 INFO  [traceId=] o.s.t.w.s.TestDispatcherServlet - Completed initialization in 0 ms
2026-05-10 20:07:35.652 INFO  [traceId=] c.o.c.c.s.SecurityFilterChainIT - Started SecurityFilterChainIT in 1.167 seconds (process running for 3.642)
]]></system-out>
  <system-err><![CDATA[]]></system-err>
</testsuite>
